<?xml version="1.0" encoding="UTF-8"?>
<robot generator="Robot 6.1.1 (Python 3.9.7 on win32)" generated="20240214 12:38:03.486" rpa="false" schemaversion="4">
<suite id="s1" name="Tests" source="C:\Users\lahte\OneDrive\Documents\GitHub\100DaysOfCode\tests">
<suite id="s1-s1" name="Tests" source="C:\Users\lahte\OneDrive\Documents\GitHub\100DaysOfCode\tests\tests.robot">
<test id="s1-s1-t1" name="Validte start page" line="17">
<kw name="Start web test" type="SETUP">
<arg>${BROWSER}</arg>
<kw name="Open Browser" library="SeleniumLibrary">
<arg>about:blank</arg>
<arg>${BROWSER}</arg>
<doc>Opens a new browser instance to the optional ``url``.</doc>
<msg timestamp="20240214 12:38:03.853" level="INFO">Opening browser 'firefox' to base url 'about:blank'.</msg>
<status status="PASS" starttime="20240214 12:38:03.853" endtime="20240214 12:38:11.076"/>
</kw>
<status status="PASS" starttime="20240214 12:38:03.853" endtime="20240214 12:38:11.076"/>
</kw>
<kw name="Validte start page">
<kw name="Go To" library="SeleniumLibrary">
<arg>${URL}</arg>
<doc>Navigates the current browser window to the provided ``url``.</doc>
<msg timestamp="20240214 12:38:11.076" level="INFO">Opening url 'https://ristoxxx100daysofcode.tiiny.site'</msg>
<status status="PASS" starttime="20240214 12:38:11.076" endtime="20240214 12:38:12.481"/>
</kw>
<kw name="Wait Until Page Contains" library="SeleniumLibrary">
<arg>${KEY_TAG_START_PAGE}</arg>
<doc>Waits until ``text`` appears on the current page.</doc>
<status status="PASS" starttime="20240214 12:38:12.481" endtime="20240214 12:38:12.507"/>
</kw>
<status status="PASS" starttime="20240214 12:38:11.076" endtime="20240214 12:38:12.507"/>
</kw>
<kw name="End web test" type="TEARDOWN">
<kw name="Sleep" library="BuiltIn">
<arg>5 s</arg>
<doc>Pauses the test executed for the given time.</doc>
<msg timestamp="20240214 12:38:17.516" level="INFO">Slept 5 seconds</msg>
<status status="PASS" starttime="20240214 12:38:12.510" endtime="20240214 12:38:17.517"/>
</kw>
<kw name="Close Browser" library="SeleniumLibrary">
<doc>Closes the current browser.</doc>
<status status="PASS" starttime="20240214 12:38:17.517" endtime="20240214 12:38:19.193"/>
</kw>
<status status="PASS" starttime="20240214 12:38:12.509" endtime="20240214 12:38:19.193"/>
</kw>
<doc>Test</doc>
<tag>Smoke</tag>
<status status="PASS" starttime="20240214 12:38:03.853" endtime="20240214 12:38:19.193"/>
</test>
<doc>This is *** web page test suite</doc>
<status status="PASS" starttime="20240214 12:38:03.514" endtime="20240214 12:38:19.193"/>
</suite>
<status status="PASS" starttime="20240214 12:38:03.489" endtime="20240214 12:38:19.203"/>
</suite>
<statistics>
<total>
<stat pass="1" fail="0" skip="0">All Tests</stat>
</total>
<tag>
<stat pass="1" fail="0" skip="0">Smoke</stat>
</tag>
<suite>
<stat pass="1" fail="0" skip="0" id="s1" name="Tests">Tests</stat>
<stat pass="1" fail="0" skip="0" id="s1-s1" name="Tests">Tests.Tests</stat>
</suite>
</statistics>
<errors>
</errors>
</robot>
